--------------------------------------------------------------------------------
Release 14.7 Trace  (nt64)
Copyright (c) 1995-2013 Xilinx, Inc.  All rights reserved.

C:\Xilinx\14.7\ISE_DS\ISE\bin\nt64\unwrapped\trce.exe -intstyle ise -v 3 -s 3
-n 3 -fastpaths -xml TxRX.twx TxRX.ncd -o TxRX.twr TxRX.pcf -ucf board.ucf

Design file:              TxRX.ncd
Physical constraint file: TxRX.pcf
Device,package,speed:     xc6slx9,tqg144,C,-3 (PRODUCTION 1.23 2013-10-13)
Report level:             verbose report

Environment Variable      Effect 
--------------------      ------ 
NONE                      No environment variables were set
--------------------------------------------------------------------------------

INFO:Timing:2698 - No timing constraints found, doing default enumeration.
INFO:Timing:3412 - To improve timing, see the Timing Closure User Guide (UG612).
INFO:Timing:2752 - To get complete path coverage, use the unconstrained paths 
   option. All paths that are not constrained will be reported in the 
   unconstrained paths section(s) of the report.
INFO:Timing:3339 - The clock-to-out numbers in this timing report are based on 
   a 50 Ohm transmission line loading model.  For the details of this model, 
   and for more information on accounting for different loading conditions, 
   please see the device datasheet.



Data Sheet report:
-----------------
All values displayed in nanoseconds (ns)

Clock M_CLOCK to Pad
---------------+-----------------+------------+-----------------+------------+------------------+--------+
               |Max (slowest) clk|  Process   |Min (fastest) clk|  Process   |                  | Clock  |
Destination    |  (edge) to PAD  |   Corner   |  (edge) to PAD  |   Corner   |Internal Clock(s) | Phase  |
---------------+-----------------+------------+-----------------+------------+------------------+--------+
F_LED<0>       |         6.428(R)|      SLOW  |         3.032(R)|      FAST  |M_CLOCK_BUFGP     |   0.000|
F_LED<3>       |         6.478(R)|      SLOW  |         3.082(R)|      FAST  |M_CLOCK_BUFGP     |   0.000|
IO_SSEG<0>     |        10.440(R)|      SLOW  |         4.722(R)|      FAST  |M_CLOCK_BUFGP     |   0.000|
IO_SSEG<1>     |         9.932(R)|      SLOW  |         4.418(R)|      FAST  |M_CLOCK_BUFGP     |   0.000|
IO_SSEG<2>     |         9.586(R)|      SLOW  |         4.209(R)|      FAST  |M_CLOCK_BUFGP     |   0.000|
IO_SSEG<3>     |         9.671(R)|      SLOW  |         4.611(R)|      FAST  |M_CLOCK_BUFGP     |   0.000|
IO_SSEG<4>     |        10.464(R)|      SLOW  |         4.156(R)|      FAST  |M_CLOCK_BUFGP     |   0.000|
IO_SSEG<5>     |        10.674(R)|      SLOW  |         4.259(R)|      FAST  |M_CLOCK_BUFGP     |   0.000|
IO_SSEG<6>     |        11.202(R)|      SLOW  |         4.585(R)|      FAST  |M_CLOCK_BUFGP     |   0.000|
IO_SSEG<7>     |         8.808(R)|      SLOW  |         3.938(R)|      FAST  |M_CLOCK_BUFGP     |   0.000|
IO_SSEGD<0>    |         8.087(R)|      SLOW  |         3.963(R)|      FAST  |M_CLOCK_BUFGP     |   0.000|
IO_SSEGD<1>    |         8.058(R)|      SLOW  |         3.942(R)|      FAST  |M_CLOCK_BUFGP     |   0.000|
IO_SSEGD<2>    |         8.435(R)|      SLOW  |         4.199(R)|      FAST  |M_CLOCK_BUFGP     |   0.000|
IO_SSEGD<3>    |         8.284(R)|      SLOW  |         4.120(R)|      FAST  |M_CLOCK_BUFGP     |   0.000|
StartDisplay<0>|         7.117(R)|      SLOW  |         3.612(R)|      FAST  |M_CLOCK_BUFGP     |   0.000|
StartDisplay<1>|         7.179(R)|      SLOW  |         3.643(R)|      FAST  |M_CLOCK_BUFGP     |   0.000|
StartDisplay<2>|         7.510(R)|      SLOW  |         3.834(R)|      FAST  |M_CLOCK_BUFGP     |   0.000|
---------------+-----------------+------------+-----------------+------------+------------------+--------+

Clock to Setup on destination clock M_CLOCK
---------------+---------+---------+---------+---------+
               | Src:Rise| Src:Fall| Src:Rise| Src:Fall|
Source Clock   |Dest:Rise|Dest:Rise|Dest:Fall|Dest:Fall|
---------------+---------+---------+---------+---------+
M_CLOCK        |    4.030|         |         |         |
---------------+---------+---------+---------+---------+


Analysis completed Wed Apr 26 19:27:45 2017 
--------------------------------------------------------------------------------

Trace Settings:
-------------------------
Trace Settings 

Peak Memory Usage: 220 MB



